{
  "RSpec": {
    "coverage": {
      "/Users/niznik/Documents/ga_wdi/projects/likes_me/app/models/user.rb": [
        1,
        null,
        null,
        1,
        null,
        null,
        1,
        null,
        null,
        1,
        null,
        null,
        null,
        1,
        0,
        0,
        0,
        0,
        0,
        0,
        0,
        null,
        null,
        null,
        null,
        1,
        0,
        0,
        0,
        null,
        null,
        null,
        null,
        null,
        null,
        null,
        null,
        null
      ],
      "/Users/niznik/Documents/ga_wdi/projects/likes_me/app/controllers/application_controller.rb": [
        1,
        1,
        null
      ],
      "/Users/niznik/Documents/ga_wdi/projects/likes_me/app/helpers/application_helper.rb": [
        1,
        null
      ],
      "/Users/niznik/Documents/ga_wdi/projects/likes_me/app/controllers/home_controller.rb": [
        1,
        null,
        1,
        null,
        1,
        null,
        1,
        0,
        0,
        0,
        0,
        0,
        0,
        null,
        null,
        null,
        null
      ],
      "/Users/niznik/Documents/ga_wdi/projects/likes_me/lib/photoselect.rb": [
        1,
        null,
        1,
        1,
        1,
        null,
        1,
        null,
        1,
        null,
        null,
        null,
        null,
        null,
        null,
        null,
        50,
        null,
        null,
        null,
        1,
        1,
        50,
        50,
        50,
        50,
        null,
        null,
        50,
        50,
        50,
        42,
        246,
        58,
        null,
        188,
        null,
        null,
        null,
        50,
        50,
        null,
        null,
        null,
        1,
        0,
        0,
        0,
        0,
        0,
        0,
        0,
        0,
        0,
        null,
        null,
        null,
        0,
        null,
        null,
        1,
        0,
        0,
        null,
        null,
        null
      ],
      "/Users/niznik/Documents/ga_wdi/projects/likes_me/app/controllers/users/omniauth_callbacks_controller.rb": [
        1,
        1,
        null,
        0,
        0,
        0,
        0,
        0,
        0,
        null,
        0,
        0,
        null,
        null,
        null,
        null
      ]
    },
    "timestamp": 1389927351
  }
}
